[debug] [2019-05-28T18:44:28.442Z] ----------------------------------------------------------------------
[debug] [2019-05-28T18:44:28.449Z] Command:       C:\Program Files\nodejs\node.exe C:\Users\batshevx\AppData\Roaming\npm\node_modules\firebase-tools\lib\bin\firebase.js serve --only functions
[debug] [2019-05-28T18:44:28.449Z] CLI Version:   6.10.0
[debug] [2019-05-28T18:44:28.449Z] Platform:      win32
[debug] [2019-05-28T18:44:28.450Z] Node Version:  v10.15.2
[debug] [2019-05-28T18:44:28.458Z] Time:          Tue May 28 2019 21:44:28 GMT+0300 (GMT+03:00)
[debug] [2019-05-28T18:44:28.459Z] ----------------------------------------------------------------------
[debug] 
[debug] [2019-05-28T18:44:28.513Z] > command requires scopes: ["email","openid","https://www.googleapis.com/auth/cloudplatformprojects.readonly","https://www.googleapis.com/auth/firebase","https://www.googleapis.com/auth/cloud-platform"]
[debug] [2019-05-28T18:44:28.517Z] > authorizing via signed-in user
[debug] [2019-05-28T18:44:28.517Z] [iam] checking project yedidim-project for permissions ["firebase.projects.get"]
[debug] [2019-05-28T18:44:28.550Z] > refreshing access token with scopes: ["email","https://www.googleapis.com/auth/cloud-platform","https://www.googleapis.com/auth/cloudplatformprojects.readonly","https://www.googleapis.com/auth/firebase","openid"]
[debug] [2019-05-28T18:44:28.551Z] >>> HTTP REQUEST POST https://www.googleapis.com/oauth2/v3/token  
 <request body omitted>
[debug] [2019-05-28T18:44:30.935Z] <<< HTTP RESPONSE 200
[debug] [2019-05-28T18:44:30.971Z] >>> HTTP REQUEST POST https://cloudresourcemanager.googleapis.com/v1/projects/yedidim-project:testIamPermissions  

[debug] [2019-05-28T18:44:33.392Z] <<< HTTP RESPONSE 200
[debug] [2019-05-28T18:44:33.394Z] >>> HTTP REQUEST GET https://cloudresourcemanager.googleapis.com/v1/projects/yedidim-project  
 
[debug] [2019-05-28T18:44:34.642Z] <<< HTTP RESPONSE 200
[warn] !  Your functions directory does not specify a Node version.
   - Learn more at https://firebase.google.com/docs/functions/manage-functions#set_runtime_options
[debug] [2019-05-28T18:44:34.657Z] >>> HTTP REQUEST GET https://mobilesdk-pa.googleapis.com/v1/projects/332505901:getServerAppConfig  
 
[debug] [2019-05-28T18:44:35.682Z] <<< HTTP RESPONSE 200
[info] +  functions: Emulator started at http://localhost:5000
[info] i  functions: Watching "C:\Users\batshevx\Desktop\Yedidim\Yedidim-master\functions" for Cloud Functions...
[debug] [2019-05-28T18:44:37.880Z] Functions runtime initialized.
[debug] [2019-05-28T18:44:37.883Z] Disabled runtime features: {"functions_config_helper":true,"network_filtering":true,"timeout":true,"memory_limiting":true,"protect_env":true,"admin_stubs":true}
[debug] [2019-05-28T18:44:41.963Z] firebase-admin has been stubbed.
[info] i  Your code has been provided a "firebase-admin" instance.
[info] i  functions: HTTP trigger initialized at http://localhost:5000/yedidim-project/us-central1/getTimestamp
[info] i  functions: HTTP trigger initialized at http://localhost:5000/yedidim-project/us-central1/publishLocation-publishLocation
